STARTING FMI REPORT ON CONSISTENT SURVEYS
Source: G:\My Drive\Labor Force Survey\FINAL Consistent Surveys
===============================================

[OK] JANUARY_2018.CSV scanned.
[OK] APRIL_2018.CSV scanned.
[OK] OCTOBER_2018.CSV scanned.
[OK] JULY_2018.CSV scanned.
[OK] JULY_2019.CSV scanned.
[OK] APRIL_2019.CSV scanned.
[OK] JANUARY_2019.CSV scanned.
[OK] OCTOBER_2019.CSV scanned.
[OK] NOVEMBER_2022.CSV scanned.
[OK] FEBRUARY_2022.csv scanned.
[OK] MARCH_2022.csv scanned.
[OK] MAY_2022.csv scanned.
[OK] APRIL_2022.csv scanned.
[OK] JUNE_2022.csv scanned.
[OK] SEPTEMBER_2022.CSV scanned.
[OK] AUGUST_2022.CSV scanned.
[OK] DECEMBER_2022.CSV scanned.
[OK] OCTOBER_2022.CSV scanned.
[OK] JANUARY_2022.csv scanned.
[OK] JULY_2022.CSV scanned.
[OK] DECEMBER_2023.CSV scanned.
[OK] AUGUST_2023.CSV scanned.
[OK] FEBRUARY_2023.CSV scanned.
[OK] MARCH_2023.CSV scanned.
[OK] NOVEMBER_2023.CSV scanned.
[OK] JUNE_2023.CSV scanned.
[OK] SEPTEMBER_2023.CSV scanned.
[OK] OCTOBER_2023.CSV scanned.
[OK] JANUARY_2023.CSV scanned.
[OK] MAY_2023.CSV scanned.
[OK] JULY_2023.CSV scanned.
[OK] APRIL_2023.CSV scanned.
[OK] JANUARY_2024.CSV scanned.
[OK] APRIL_2024.CSV scanned.
[OK] JUNE_2024.CSV scanned.
[OK] MARCH_2024.CSV scanned.
[OK] JULY_2024.CSV scanned.
[OK] AUGUST_2024.CSV scanned.
[OK] MAY_2024.CSV scanned.
[OK] FEBRUARY_2024.CSV scanned.

COMPLETED. Success: 40 | Errors: 0
